<?xml version="1.0" encoding="UTF-8"?>
<testsuite name="inhatc.cse.seokminshop.item.repository.ItemRepositoryTest2" tests="1" skipped="0" failures="0" errors="0" timestamp="2024-09-11T02:49:13" hostname="MacBook-Pro-16--2021M1-Pro.local" time="0.389">
  <properties/>
  <testcase name="findByItemNmLike()" classname="inhatc.cse.seokminshop.item.repository.ItemRepositoryTest2" time="0.389"/>
  <system-out><![CDATA[11:49:11.189 [Test worker] INFO org.springframework.test.context.support.AnnotationConfigContextLoaderUtils -- Could not detect default configuration classes for test class [inhatc.cse.seokminshop.item.repository.ItemRepositoryTest2]: ItemRepositoryTest2 does not declare any static, non-private, non-final, nested classes annotated with @Configuration.
11:49:11.233 [Test worker] INFO org.springframework.boot.test.context.SpringBootTestContextBootstrapper -- Found @SpringBootConfiguration inhatc.cse.seokminshop.SeokminshopApplication for test class inhatc.cse.seokminshop.item.repository.ItemRepositoryTest2

  .   ____          _            __ _ _
 /\\ / ___'_ __ _ _(_)_ __  __ _ \ \ \ \
( ( )\___ | '_ | '_| | '_ \/ _` | \ \ \ \
 \\/  ___)| |_)| | | | | || (_| |  ) ) ) )
  '  |____| .__|_| |_|_| |_\__, | / / / /
 =========|_|==============|___/=/_/_/_/

 :: Spring Boot ::                (v3.3.3)

2024-09-11T11:49:11.428+09:00  INFO 14557 --- [    Test worker] i.c.s.i.repository.ItemRepositoryTest2   : Starting ItemRepositoryTest2 using Java 21.0.4 with PID 14557 (started by tommyhong in /Users/tommyhong/IdeaProjects/A_ban/seokminshop)
2024-09-11T11:49:11.429+09:00  INFO 14557 --- [    Test worker] i.c.s.i.repository.ItemRepositoryTest2   : No active profile set, falling back to 1 default profile: "default"
2024-09-11T11:49:11.697+09:00  INFO 14557 --- [    Test worker] .s.d.r.c.RepositoryConfigurationDelegate : Bootstrapping Spring Data JPA repositories in DEFAULT mode.
2024-09-11T11:49:11.718+09:00  INFO 14557 --- [    Test worker] .s.d.r.c.RepositoryConfigurationDelegate : Finished Spring Data repository scanning in 18 ms. Found 1 JPA repository interface.
2024-09-11T11:49:11.900+09:00  INFO 14557 --- [    Test worker] o.hibernate.jpa.internal.util.LogHelper  : HHH000204: Processing PersistenceUnitInfo [name: default]
2024-09-11T11:49:11.922+09:00  INFO 14557 --- [    Test worker] org.hibernate.Version                    : HHH000412: Hibernate ORM core version 6.5.2.Final
2024-09-11T11:49:11.936+09:00  INFO 14557 --- [    Test worker] o.h.c.internal.RegionFactoryInitiator    : HHH000026: Second-level cache disabled
2024-09-11T11:49:12.071+09:00  INFO 14557 --- [    Test worker] o.s.o.j.p.SpringPersistenceUnitInfo      : No LoadTimeWeaver setup: ignoring JPA class transformer
2024-09-11T11:49:12.083+09:00  INFO 14557 --- [    Test worker] com.zaxxer.hikari.HikariDataSource       : HikariPool-1 - Starting...
2024-09-11T11:49:12.259+09:00  INFO 14557 --- [    Test worker] com.zaxxer.hikari.pool.HikariPool        : HikariPool-1 - Added connection com.mysql.cj.jdbc.ConnectionImpl@2ec0ca83
2024-09-11T11:49:12.260+09:00  INFO 14557 --- [    Test worker] com.zaxxer.hikari.HikariDataSource       : HikariPool-1 - Start completed.
2024-09-11T11:49:12.282+09:00  WARN 14557 --- [    Test worker] org.hibernate.orm.deprecation            : HHH90000025: MySQL8Dialect does not need to be specified explicitly using 'hibernate.dialect' (remove the property setting and it will be selected by default)
2024-09-11T11:49:12.283+09:00  WARN 14557 --- [    Test worker] org.hibernate.orm.deprecation            : HHH90000026: MySQL8Dialect has been deprecated; use org.hibernate.dialect.MySQLDialect instead
2024-09-11T11:49:12.292+09:00 DEBUG 14557 --- [    Test worker] o.h.t.d.sql.spi.DdlTypeRegistry          : addDescriptor(12, org.hibernate.type.descriptor.sql.internal.CapacityDependentDdlType@5aac6f9f) replaced previous registration(org.hibernate.type.descriptor.sql.internal.CapacityDependentDdlType@2444c3df)
2024-09-11T11:49:12.293+09:00 DEBUG 14557 --- [    Test worker] o.h.t.d.sql.spi.DdlTypeRegistry          : addDescriptor(-9, org.hibernate.type.descriptor.sql.internal.CapacityDependentDdlType@1eb6037d) replaced previous registration(org.hibernate.type.descriptor.sql.internal.CapacityDependentDdlType@335b3d6)
2024-09-11T11:49:12.293+09:00 DEBUG 14557 --- [    Test worker] o.h.t.d.sql.spi.DdlTypeRegistry          : addDescriptor(-3, org.hibernate.type.descriptor.sql.internal.CapacityDependentDdlType@3a5ce4b8) replaced previous registration(org.hibernate.type.descriptor.sql.internal.CapacityDependentDdlType@38848217)
2024-09-11T11:49:12.293+09:00 DEBUG 14557 --- [    Test worker] o.h.t.d.sql.spi.DdlTypeRegistry          : addDescriptor(4003, org.hibernate.type.descriptor.sql.internal.DdlTypeImpl@1607d391) replaced previous registration(org.hibernate.type.descriptor.sql.internal.DdlTypeImpl@38826984)
2024-09-11T11:49:12.293+09:00 DEBUG 14557 --- [    Test worker] o.h.t.d.sql.spi.DdlTypeRegistry          : addDescriptor(4001, org.hibernate.type.descriptor.sql.internal.DdlTypeImpl@65262308) replaced previous registration(org.hibernate.type.descriptor.sql.internal.DdlTypeImpl@792e8181)
2024-09-11T11:49:12.293+09:00 DEBUG 14557 --- [    Test worker] o.h.t.d.sql.spi.DdlTypeRegistry          : addDescriptor(4002, org.hibernate.type.descriptor.sql.internal.DdlTypeImpl@511d5e6e) replaced previous registration(org.hibernate.type.descriptor.sql.internal.DdlTypeImpl@7a78d380)
2024-09-11T11:49:12.293+09:00 DEBUG 14557 --- [    Test worker] o.h.t.d.sql.spi.DdlTypeRegistry          : addDescriptor(2004, org.hibernate.type.descriptor.sql.internal.CapacityDependentDdlType@2e1291a4) replaced previous registration(org.hibernate.type.descriptor.sql.internal.DdlTypeImpl@23bd2f6e)
2024-09-11T11:49:12.293+09:00 DEBUG 14557 --- [    Test worker] o.h.t.d.sql.spi.DdlTypeRegistry          : addDescriptor(2005, org.hibernate.type.descriptor.sql.internal.CapacityDependentDdlType@18e8eb59) replaced previous registration(org.hibernate.type.descriptor.sql.internal.DdlTypeImpl@2430cf17)
2024-09-11T11:49:12.293+09:00 DEBUG 14557 --- [    Test worker] o.h.t.d.sql.spi.DdlTypeRegistry          : addDescriptor(2011, org.hibernate.type.descriptor.sql.internal.CapacityDependentDdlType@1e95f584) replaced previous registration(org.hibernate.type.descriptor.sql.internal.DdlTypeImpl@54997f67)
2024-09-11T11:49:12.637+09:00  INFO 14557 --- [    Test worker] o.h.e.t.j.p.i.JtaPlatformInitiator       : HHH000489: No JTA platform available (set 'hibernate.transaction.jta.platform' to enable JTA platform integration)
2024-09-11T11:49:12.661+09:00  INFO 14557 --- [    Test worker] j.LocalContainerEntityManagerFactoryBean : Initialized JPA EntityManagerFactory for persistence unit 'default'
2024-09-11T11:49:12.735+09:00  WARN 14557 --- [    Test worker] JpaBaseConfiguration$JpaWebConfiguration : spring.jpa.open-in-view is enabled by default. Therefore, database queries may be performed during view rendering. Explicitly configure spring.jpa.open-in-view to disable this warning
2024-09-11T11:49:13.054+09:00  INFO 14557 --- [    Test worker] i.c.s.i.repository.ItemRepositoryTest2   : Started ItemRepositoryTest2 in 1.756 seconds (process running for 2.247)
Hibernate: 
    select
        i1_0.item_id,
        i1_0.item_detail,
        i1_0.item_nm,
        i1_0.price,
        i1_0.stock 
    from
        item i1_0 
    where
        i1_0.item_nm like ? escape '\\'
]]></system-out>
  <system-err><![CDATA[WARNING: A Java agent has been loaded dynamically (/Users/tommyhong/.gradle/caches/modules-2/files-2.1/net.bytebuddy/byte-buddy-agent/1.14.19/154da3a65b4f4a909d3e5bdec55d1b2b4cbb6ce1/byte-buddy-agent-1.14.19.jar)
WARNING: If a serviceability tool is in use, please run with -XX:+EnableDynamicAgentLoading to hide this warning
WARNING: If a serviceability tool is not in use, please run with -Djdk.instrument.traceUsage for more information
WARNING: Dynamic loading of agents will be disallowed by default in a future release
]]></system-err>
</testsuite>
